C51 COMPILER V9.54   LIOR                                                                  04/03/2017 14:44:19 PAGE 1   


C51 COMPILER V9.54, COMPILATION OF MODULE LIOR
OBJECT MODULE PLACED IN .\Objects\lior.obj
COMPILER INVOKED BY: C:\Keil_v5\C51\BIN\C51.EXE codes\lior.c OPTIMIZE(8,SPEED) BROWSE INCDIR(..\Headers) DEBUG OBJECTEXT
                    -END PRINT(.\Listings\lior.lst) TABS(2) OBJECT(.\Objects\lior.obj)

line level    source

   1          #include "REG_89C51.h"
   2          #include "general.h"
   3          #include "lcdp2.h"
   4          
   5          void servo_init() {
   6   1        CCAP2H=244;
   7   1        CCAP3H=244;
   8   1        CCAP4H=244;
   9   1      }
  10          
  11          
  12          void main() { 
  13   1            TMOD=0x12;
  14   1        TH0=0xB8;
  15   1        TL0=0xB8;
  16   1        TR0=1;
  17   1        CCAPM2=0x42;
  18   1        CCAPM3=0x42;
  19   1        CCAPM4=0x42;
  20   1        CMOD=4;
  21   1        CCON=0x40;
  22   1        servo_init();
  23   1        
  24   1        while(1) {
  25   2      
  26   2        CCAP4H=230;
  27   2        msec(1000);
  28   2        CCAP4H=244;
  29   2        msec(1000);
  30   2        }
  31   1        }


MODULE INFORMATION:   STATIC OVERLAYABLE
   CODE SIZE        =    314    ----
   CONSTANT SIZE    =   ----    ----
   XDATA SIZE       =   ----    ----
   PDATA SIZE       =   ----    ----
   DATA SIZE        =   ----       5
   IDATA SIZE       =   ----    ----
   BIT SIZE         =   ----       2
END OF MODULE INFORMATION.


C51 COMPILATION COMPLETE.  0 WARNING(S),  0 ERROR(S)
